{"/home/matshiro/vscode/nauka/odin/unitTestingLearning/odin.js": {"path":"/home/matshiro/vscode/nauka/odin/unitTestingLearning/odin.js","statementMap":{"0":{"start":{"line":2,"column":17},"end":{"line":2,"column":27}},"1":{"start":{"line":3,"column":4},"end":{"line":3,"column":62}},"2":{"start":{"line":4,"column":4},"end":{"line":4,"column":18}},"3":{"start":{"line":8,"column":4},"end":{"line":8,"column":49}},"4":{"start":{"line":9,"column":4},"end":{"line":9,"column":18}},"5":{"start":{"line":13,"column":4},"end":{"line":15,"column":5}},"6":{"start":{"line":14,"column":8},"end":{"line":14,"column":54}},"7":{"start":{"line":17,"column":20},"end":{"line":17,"column":36}},"8":{"start":{"line":18,"column":20},"end":{"line":18,"column":22}},"9":{"start":{"line":21,"column":4},"end":{"line":48,"column":7}},"10":{"start":{"line":22,"column":8},"end":{"line":45,"column":9}},"11":{"start":{"line":23,"column":23},"end":{"line":23,"column":44}},"12":{"start":{"line":24,"column":12},"end":{"line":24,"column":23}},"13":{"start":{"line":26,"column":13},"end":{"line":45,"column":9}},"14":{"start":{"line":27,"column":23},"end":{"line":27,"column":44}},"15":{"start":{"line":28,"column":12},"end":{"line":28,"column":31}},"16":{"start":{"line":29,"column":12},"end":{"line":31,"column":13}},"17":{"start":{"line":30,"column":16},"end":{"line":30,"column":25}},"18":{"start":{"line":32,"column":12},"end":{"line":34,"column":13}},"19":{"start":{"line":33,"column":16},"end":{"line":33,"column":25}},"20":{"start":{"line":36,"column":13},"end":{"line":45,"column":9}},"21":{"start":{"line":37,"column":23},"end":{"line":37,"column":44}},"22":{"start":{"line":38,"column":12},"end":{"line":38,"column":31}},"23":{"start":{"line":39,"column":12},"end":{"line":41,"column":13}},"24":{"start":{"line":40,"column":16},"end":{"line":40,"column":25}},"25":{"start":{"line":42,"column":12},"end":{"line":44,"column":13}},"26":{"start":{"line":43,"column":16},"end":{"line":43,"column":25}},"27":{"start":{"line":47,"column":8},"end":{"line":47,"column":49}},"28":{"start":{"line":49,"column":4},"end":{"line":49,"column":31}},"29":{"start":{"line":50,"column":4},"end":{"line":50,"column":17}},"30":{"start":{"line":56,"column":8},"end":{"line":56,"column":35}},"31":{"start":{"line":60,"column":8},"end":{"line":60,"column":35}},"32":{"start":{"line":64,"column":8},"end":{"line":64,"column":35}},"33":{"start":{"line":68,"column":8},"end":{"line":68,"column":35}},"34":{"start":{"line":72,"column":0},"end":{"line":72,"column":40}},"35":{"start":{"line":73,"column":0},"end":{"line":73,"column":38}},"36":{"start":{"line":74,"column":0},"end":{"line":74,"column":36}},"37":{"start":{"line":75,"column":0},"end":{"line":75,"column":32}}},"fnMap":{"0":{"name":"stringFunction","decl":{"start":{"line":1,"column":9},"end":{"line":1,"column":23}},"loc":{"start":{"line":1,"column":25},"end":{"line":5,"column":1}},"line":1},"1":{"name":"stringReverse","decl":{"start":{"line":7,"column":9},"end":{"line":7,"column":22}},"loc":{"start":{"line":7,"column":30},"end":{"line":10,"column":1}},"line":7},"2":{"name":"ceaserCipher","decl":{"start":{"line":12,"column":9},"end":{"line":12,"column":21}},"loc":{"start":{"line":12,"column":36},"end":{"line":51,"column":1}},"line":12},"3":{"name":"(anonymous_3)","decl":{"start":{"line":21,"column":22},"end":{"line":21,"column":23}},"loc":{"start":{"line":21,"column":33},"end":{"line":48,"column":5}},"line":21},"4":{"name":"(anonymous_4)","decl":{"start":{"line":55,"column":4},"end":{"line":55,"column":5}},"loc":{"start":{"line":55,"column":27},"end":{"line":57,"column":5}},"line":55},"5":{"name":"(anonymous_5)","decl":{"start":{"line":59,"column":4},"end":{"line":59,"column":5}},"loc":{"start":{"line":59,"column":32},"end":{"line":61,"column":5}},"line":59},"6":{"name":"(anonymous_6)","decl":{"start":{"line":63,"column":4},"end":{"line":63,"column":5}},"loc":{"start":{"line":63,"column":30},"end":{"line":65,"column":5}},"line":63},"7":{"name":"(anonymous_7)","decl":{"start":{"line":67,"column":4},"end":{"line":67,"column":5}},"loc":{"start":{"line":67,"column":32},"end":{"line":69,"column":5}},"line":67}},"branchMap":{"0":{"loc":{"start":{"line":13,"column":4},"end":{"line":15,"column":5}},"type":"if","locations":[{"start":{"line":13,"column":4},"end":{"line":15,"column":5}},{"start":{},"end":{}}],"line":13},"1":{"loc":{"start":{"line":13,"column":8},"end":{"line":13,"column":31}},"type":"binary-expr","locations":[{"start":{"line":13,"column":8},"end":{"line":13,"column":17}},{"start":{"line":13,"column":21},"end":{"line":13,"column":31}}],"line":13},"2":{"loc":{"start":{"line":22,"column":8},"end":{"line":45,"column":9}},"type":"if","locations":[{"start":{"line":22,"column":8},"end":{"line":45,"column":9}},{"start":{"line":26,"column":13},"end":{"line":45,"column":9}}],"line":22},"3":{"loc":{"start":{"line":22,"column":12},"end":{"line":22,"column":44}},"type":"binary-expr","locations":[{"start":{"line":22,"column":12},"end":{"line":22,"column":26}},{"start":{"line":22,"column":30},"end":{"line":22,"column":44}}],"line":22},"4":{"loc":{"start":{"line":26,"column":13},"end":{"line":45,"column":9}},"type":"if","locations":[{"start":{"line":26,"column":13},"end":{"line":45,"column":9}},{"start":{"line":36,"column":13},"end":{"line":45,"column":9}}],"line":26},"5":{"loc":{"start":{"line":29,"column":12},"end":{"line":31,"column":13}},"type":"if","locations":[{"start":{"line":29,"column":12},"end":{"line":31,"column":13}},{"start":{},"end":{}}],"line":29},"6":{"loc":{"start":{"line":32,"column":12},"end":{"line":34,"column":13}},"type":"if","locations":[{"start":{"line":32,"column":12},"end":{"line":34,"column":13}},{"start":{},"end":{}}],"line":32},"7":{"loc":{"start":{"line":36,"column":13},"end":{"line":45,"column":9}},"type":"if","locations":[{"start":{"line":36,"column":13},"end":{"line":45,"column":9}},{"start":{},"end":{}}],"line":36},"8":{"loc":{"start":{"line":39,"column":12},"end":{"line":41,"column":13}},"type":"if","locations":[{"start":{"line":39,"column":12},"end":{"line":41,"column":13}},{"start":{},"end":{}}],"line":39},"9":{"loc":{"start":{"line":42,"column":12},"end":{"line":44,"column":13}},"type":"if","locations":[{"start":{"line":42,"column":12},"end":{"line":44,"column":13}},{"start":{},"end":{}}],"line":42}},"s":{"0":1,"1":1,"2":1,"3":1,"4":1,"5":4,"6":2,"7":2,"8":2,"9":2,"10":16,"11":2,"12":2,"13":14,"14":4,"15":4,"16":4,"17":2,"18":4,"19":0,"20":10,"21":10,"22":10,"23":10,"24":0,"25":10,"26":0,"27":16,"28":2,"29":2,"30":2,"31":2,"32":2,"33":2,"34":1,"35":1,"36":1,"37":1},"f":{"0":1,"1":1,"2":4,"3":16,"4":2,"5":2,"6":2,"7":2},"b":{"0":[2,2],"1":[4,3],"2":[2,14],"3":[16,14],"4":[4,10],"5":[2,2],"6":[0,4],"7":[10,0],"8":[0,10],"9":[0,10]},"_coverageSchema":"1a1c01bbd47fc00a2c39e90264f33305004495a9","hash":"102a275cf52ed49943ff387f2da366193faa8aa6"}
,"/home/matshiro/vscode/nauka/odin/unitTestingLearning/stack.js": {"path":"/home/matshiro/vscode/nauka/odin/unitTestingLearning/stack.js","statementMap":{"0":{"start":{"line":3,"column":8},"end":{"line":3,"column":22}},"1":{"start":{"line":4,"column":8},"end":{"line":4,"column":24}},"2":{"start":{"line":8,"column":8},"end":{"line":8,"column":35}},"3":{"start":{"line":12,"column":8},"end":{"line":12,"column":22}},"4":{"start":{"line":13,"column":8},"end":{"line":13,"column":37}},"5":{"start":{"line":17,"column":8},"end":{"line":17,"column":22}},"6":{"start":{"line":21,"column":0},"end":{"line":21,"column":23}}},"fnMap":{"0":{"name":"(anonymous_0)","decl":{"start":{"line":2,"column":4},"end":{"line":2,"column":5}},"loc":{"start":{"line":2,"column":17},"end":{"line":5,"column":5}},"line":2},"1":{"name":"(anonymous_1)","decl":{"start":{"line":7,"column":4},"end":{"line":7,"column":5}},"loc":{"start":{"line":7,"column":14},"end":{"line":9,"column":5}},"line":7},"2":{"name":"(anonymous_2)","decl":{"start":{"line":11,"column":4},"end":{"line":11,"column":5}},"loc":{"start":{"line":11,"column":15},"end":{"line":14,"column":5}},"line":11},"3":{"name":"(anonymous_3)","decl":{"start":{"line":16,"column":4},"end":{"line":16,"column":5}},"loc":{"start":{"line":16,"column":9},"end":{"line":18,"column":5}},"line":16}},"branchMap":{},"s":{"0":3,"1":3,"2":2,"3":2,"4":2,"5":1,"6":1},"f":{"0":3,"1":2,"2":2,"3":1},"b":{},"_coverageSchema":"1a1c01bbd47fc00a2c39e90264f33305004495a9","hash":"292ec62d09fd44c86c792ca44f7b4caf0eb2c474"}
}
