TN:
SF:odin.js
FN:1,stringFunction
FN:7,stringReverse
FN:12,ceaserCipher
FN:21,(anonymous_3)
FN:55,(anonymous_4)
FN:59,(anonymous_5)
FN:63,(anonymous_6)
FN:67,(anonymous_7)
FNF:8
FNH:8
FNDA:1,stringFunction
FNDA:1,stringReverse
FNDA:4,ceaserCipher
FNDA:16,(anonymous_3)
FNDA:2,(anonymous_4)
FNDA:2,(anonymous_5)
FNDA:2,(anonymous_6)
FNDA:2,(anonymous_7)
DA:2,1
DA:3,1
DA:4,1
DA:8,1
DA:9,1
DA:13,4
DA:14,2
DA:17,2
DA:18,2
DA:21,2
DA:22,16
DA:23,2
DA:24,2
DA:26,14
DA:27,4
DA:28,4
DA:29,4
DA:30,2
DA:32,4
DA:33,0
DA:36,10
DA:37,10
DA:38,10
DA:39,10
DA:40,0
DA:42,10
DA:43,0
DA:47,16
DA:49,2
DA:50,2
DA:56,2
DA:60,2
DA:64,2
DA:68,2
DA:72,1
DA:73,1
DA:74,1
DA:75,1
LF:38
LH:35
BRDA:13,0,0,2
BRDA:13,0,1,2
BRDA:13,1,0,4
BRDA:13,1,1,3
BRDA:22,2,0,2
BRDA:22,2,1,14
BRDA:22,3,0,16
BRDA:22,3,1,14
BRDA:26,4,0,4
BRDA:26,4,1,10
BRDA:29,5,0,2
BRDA:29,5,1,2
BRDA:32,6,0,0
BRDA:32,6,1,4
BRDA:36,7,0,10
BRDA:36,7,1,0
BRDA:39,8,0,0
BRDA:39,8,1,10
BRDA:42,9,0,0
BRDA:42,9,1,10
BRF:20
BRH:16
end_of_record
TN:
SF:stack.js
FN:2,(anonymous_0)
FN:7,(anonymous_1)
FN:11,(anonymous_2)
FN:16,(anonymous_3)
FNF:4
FNH:4
FNDA:3,(anonymous_0)
FNDA:2,(anonymous_1)
FNDA:2,(anonymous_2)
FNDA:1,(anonymous_3)
DA:3,3
DA:4,3
DA:8,2
DA:12,2
DA:13,2
DA:17,1
DA:21,1
LF:7
LH:7
BRF:0
BRH:0
end_of_record
